<?xml version="1.0" encoding="UTF-8"?>
<!-- Generated by org.testng.reporters.JUnitReportReporter -->
<testsuite hostname="DevaHP" failures="0" tests="1" name="testcase.ResetSearchAndFiltersTest" time="15.760" errors="0" timestamp="2024-02-13T17:49:31 IST" skipped="0">
  <testcase classname="testcase.ResetSearchAndFiltersTest" name="resetSearchAndFiltersTest" time="15.760"/>
  <system-out/>
</testsuite> <!-- testcase.ResetSearchAndFiltersTest -->
