<?xml version="1.0" encoding="UTF-8"?>
<!-- Generated by org.testng.reporters.JUnitReportReporter -->
<testsuite hostname="DevaHP" failures="0" tests="1" name="testcase.SeamlessIntegrationTest" time="35.221" errors="0" timestamp="2024-02-13T17:49:31 IST" skipped="0">
  <testcase classname="testcase.SeamlessIntegrationTest" name="seamlessIntegrationTest" time="35.221"/>
  <system-out/>
</testsuite> <!-- testcase.SeamlessIntegrationTest -->
