<?xml version="1.0" encoding="UTF-8"?>
<!-- Generated by org.testng.reporters.JUnitReportReporter -->
<testsuite hostname="DevaHP" failures="0" tests="1" name="testcase.RefineSearchWithFiltersTest" time="23.411" errors="0" timestamp="2024-02-13T17:49:31 IST" skipped="0">
  <testcase classname="testcase.RefineSearchWithFiltersTest" name="refineSearchWithFiltersTest" time="23.411"/>
  <system-out/>
</testsuite> <!-- testcase.RefineSearchWithFiltersTest -->
